2011-04-13 10:01:44:INFO main LogServices.Main - LogServices start ...
2011-04-13 10:01:44:INFO main LogServices.Main - Loading config.xml...
2011-04-13 10:01:44:INFO main LogServices.Main - email_TLS == true
2011-04-13 10:01:44:INFO main LogServices.Main - email_smtp == smtp.gmail.com
2011-04-13 10:01:44:INFO main LogServices.Main - email_user == luoh@gmail.com
2011-04-13 10:01:44:INFO main LogServices.Main - dealy == 30
2011-04-13 10:01:44:INFO main LogServices.Main - email_to == farmer.luo@139.com;farmer.luo@gmail.com
2011-04-13 10:01:44:INFO main LogServices.Main - email_SSL == true
2011-04-13 10:01:44:INFO main LogServices.Main - email_from == luoh@gmail.com
2011-04-13 10:01:44:INFO main LogServices.Main - email_passwd == 1234567890
2011-04-13 10:01:44:INFO main LogServices.Main - detect_time == 60
2011-04-13 10:01:44:INFO main LogServices.Main - site 0:
2011-04-13 10:01:44:INFO main LogServices.Main - port == 5433
2011-04-13 10:01:44:INFO main LogServices.Main - username == dbadmin
2011-04-13 10:01:44:INFO main LogServices.Main - dbtype == vertica
2011-04-13 10:01:44:INFO main LogServices.Main - host == 192.168.1.107
2011-04-13 10:01:44:INFO main LogServices.Main - name == fbtw-top-city.rockyouasia.jp
2011-04-13 10:01:44:INFO main LogServices.Main - path == d:\csv\fbtw
2011-04-13 10:01:44:INFO main LogServices.Main - extend_name == .csv
2011-04-13 10:01:44:INFO main LogServices.Main - table == fbtw.c_log
2011-04-13 10:01:44:INFO main LogServices.Main - password == dbadmin@1.107
2011-04-13 10:01:44:INFO main LogServices.Main - send_mail == true
2011-04-13 10:01:44:INFO main LogServices.Main - database == topcity
2011-04-13 10:01:44:INFO CheckTimeout LogServices.Main - startTime:1302660104401
2011-04-13 10:01:44:INFO LoadData LogServices.Main - connecting to vertica database server:192.168.1.107,database name:topcity
2011-04-13 10:01:45:INFO LoadData LogServices.Main - fbtw-top-city.rockyouasia.jp:COPY fbtw.c_log FROM 'd:\csv\fbtw\192_168_16_143_2011412_5_30_25.csv' DELIMITER ',' ESCAPE AS '"' EXCEPTIONS 'except.log.2011.04.13' REJECTED DATA 'rejects.log.2011.04.13';
2011-04-13 10:01:46:ERROR LoadData LogServices.Main - com.vertica.util.PSQLException: ERROR: COPY: Could not open file d:\csv\fbtw\192_168_16_143_2011412_5_30_25.csv for reading; No such file or directory
2011-04-13 10:01:46:INFO LoadData LogServices.Main - fbtw-top-city.rockyouasia.jp:COPY fbtw.c_log FROM 'd:\csv\fbtw\192_168_16_141_2011412_5_30_26.csv' DELIMITER ',' ESCAPE AS '"' EXCEPTIONS 'except.log.2011.04.13' REJECTED DATA 'rejects.log.2011.04.13';
2011-04-13 10:01:47:ERROR LoadData LogServices.Main - com.vertica.util.PSQLException: ERROR: COPY: Could not open file d:\csv\fbtw\192_168_16_141_2011412_5_30_26.csv for reading; No such file or directory
2011-04-13 10:01:47:INFO LoadData LogServices.Main - fbtw-top-city.rockyouasia.jp:COPY fbtw.c_log FROM 'd:\csv\fbtw\192_168_16_142_2011412_5_30_17.csv' DELIMITER ',' ESCAPE AS '"' EXCEPTIONS 'except.log.2011.04.13' REJECTED DATA 'rejects.log.2011.04.13';
2011-04-13 10:01:47:ERROR LoadData LogServices.Main - com.vertica.util.PSQLException: ERROR: COPY: Could not open file d:\csv\fbtw\192_168_16_142_2011412_5_30_17.csv for reading; No such file or directory
2011-04-13 10:01:47:INFO LoadData LogServices.Main - disconnect mysql host:192.168.1.107,database:topcity
2011-04-13 10:01:47:INFO LoadData LogServices.Main - Sleep Time:30s.
2011-04-13 10:01:54:INFO CheckTimeout LogServices.Main - startTime:1302660107662
2011-04-13 10:02:04:INFO CheckTimeout LogServices.Main - startTime:1302660107662
2011-04-13 10:02:14:INFO CheckTimeout LogServices.Main - startTime:1302660107662
2011-04-13 10:02:17:INFO LoadData LogServices.Main - connecting to vertica database server:192.168.1.107,database name:topcity
2011-04-13 10:02:18:INFO LoadData LogServices.Main - fbtw-top-city.rockyouasia.jp:COPY fbtw.c_log FROM 'd:\csv\fbtw\192_168_16_143_2011412_5_30_25.csv' DELIMITER ',' ESCAPE AS '"' EXCEPTIONS 'except.log.2011.04.13' REJECTED DATA 'rejects.log.2011.04.13';
2011-04-13 10:02:19:ERROR LoadData LogServices.Main - com.vertica.util.PSQLException: ERROR: COPY: Could not open file d:\csv\fbtw\192_168_16_143_2011412_5_30_25.csv for reading; No such file or directory
2011-04-13 10:02:19:INFO LoadData LogServices.Main - fbtw-top-city.rockyouasia.jp:COPY fbtw.c_log FROM 'd:\csv\fbtw\192_168_16_141_2011412_5_30_26.csv' DELIMITER ',' ESCAPE AS '"' EXCEPTIONS 'except.log.2011.04.13' REJECTED DATA 'rejects.log.2011.04.13';
2011-04-13 10:02:19:ERROR LoadData LogServices.Main - com.vertica.util.PSQLException: ERROR: COPY: Could not open file d:\csv\fbtw\192_168_16_141_2011412_5_30_26.csv for reading; No such file or directory
2011-04-13 10:02:19:INFO LoadData LogServices.Main - fbtw-top-city.rockyouasia.jp:COPY fbtw.c_log FROM 'd:\csv\fbtw\192_168_16_142_2011412_5_30_17.csv' DELIMITER ',' ESCAPE AS '"' EXCEPTIONS 'except.log.2011.04.13' REJECTED DATA 'rejects.log.2011.04.13';
2011-04-13 10:02:20:ERROR LoadData LogServices.Main - com.vertica.util.PSQLException: ERROR: COPY: Could not open file d:\csv\fbtw\192_168_16_142_2011412_5_30_17.csv for reading; No such file or directory
2011-04-13 10:02:20:INFO LoadData LogServices.Main - disconnect mysql host:192.168.1.107,database:topcity
2011-04-13 10:02:20:INFO LoadData LogServices.Main - Sleep Time:30s.
2011-04-13 10:02:24:INFO CheckTimeout LogServices.Main - startTime:1302660140063
2011-04-13 10:02:34:INFO CheckTimeout LogServices.Main - startTime:1302660140063
2011-04-13 10:02:44:INFO CheckTimeout LogServices.Main - startTime:1302660140063
